2025-01-30 17:28:57 INFO  Utils:112 - [TestNG] Running:
  C:\Users\Basava\eclipse-workspace\HybridFrameWork1\final.xml

2025-01-30 17:33:17 INFO  Utils:112 - [TestNG] Running:
  C:\Users\Basava\eclipse-workspace\HybridFrameWork1\final.xml

2025-01-30 17:33:58 WARN  TestNGContentHandler:133 - It is strongly recommended to add "<!DOCTYPE suite SYSTEM "https://testng.org/testng-1.1.dtd" >" at the top of the suite file [C:\Users\Basava\eclipse-workspace\HybridFrameWork1\master.xml] otherwise TestNG may fail or not work as expected.
2025-01-30 17:33:58 INFO  Utils:112 - [TestNG] Running:
  C:\Users\Basava\eclipse-workspace\HybridFrameWork1\master.xml

2025-01-30 17:34:11 INFO  TC_003_LoginDDT:26 - **** Starting TC_003_LoginDDT *****
2025-01-30 17:34:23 INFO  TC_003_LoginDDT:26 - **** Starting TC_003_LoginDDT *****
2025-01-30 17:34:27 INFO  TC_003_LoginDDT:26 - **** Starting TC_003_LoginDDT *****
2025-01-30 17:34:31 INFO  TC_003_LoginDDT:26 - **** Starting TC_003_LoginDDT *****
2025-01-30 17:34:43 INFO  TC_003_LoginDDT:76 - **** Finished TC_003_LoginDDT *****
2025-01-30 17:34:43 INFO  TC_003_LoginDDT:26 - **** Starting TC_003_LoginDDT *****
2025-01-30 17:34:46 INFO  TC_003_LoginDDT:76 - **** Finished TC_003_LoginDDT *****
2025-01-30 17:48:31 WARN  TestNGContentHandler:133 - It is strongly recommended to add "<!DOCTYPE suite SYSTEM "https://testng.org/testng-1.1.dtd" >" at the top of the suite file [C:\Users\Basava\eclipse-workspace\HybridFrameWork1\Normal.xml] otherwise TestNG may fail or not work as expected.
2025-01-30 17:48:31 INFO  Utils:112 - [TestNG] Running:
  C:\Users\Basava\eclipse-workspace\HybridFrameWork1\Normal.xml

2025-01-30 17:48:36 INFO  TC_001_AccountRegistrationTest:15 - Strating TC_001_AccountRegistrationtTest
2025-01-30 17:48:37 INFO  TC_001_AccountRegistrationTest:19 - Clicked on My Account 
2025-01-30 17:48:37 INFO  TC_001_AccountRegistrationTest:22 - Clicked on Register 
2025-01-30 17:48:37 INFO  TC_001_AccountRegistrationTest:27 - Provided First Name 
2025-01-30 17:48:38 INFO  TC_001_AccountRegistrationTest:30 - Provided Last Name 
2025-01-30 17:48:38 INFO  TC_001_AccountRegistrationTest:34 - Provided Email 
2025-01-30 17:48:38 INFO  TC_001_AccountRegistrationTest:37 - Provided Telephone 
2025-01-30 17:48:38 INFO  TC_001_AccountRegistrationTest:40 - Provided Password 
2025-01-30 17:48:38 INFO  TC_001_AccountRegistrationTest:43 - Provided Confrmed Password 
2025-01-30 17:48:38 INFO  TC_001_AccountRegistrationTest:46 - Set Privacy Policy 
2025-01-30 17:48:39 INFO  TC_001_AccountRegistrationTest:49 - Clicked on Continue 
2025-01-30 17:48:42 INFO  TC_001_AccountRegistrationTest:61 - Finished TC_001_AccountRegistrationtTest
2025-01-30 17:48:46 INFO  TC_002_LoginTest:16 - Starting TC_002_LoginTest
